Message[302] C:\USERS\JACKEL\DOCUMENTS\MIDI-BASS-GUITAR\DSLAVE.X\DSLAVESETUP.INC 32 : Register in operand not in bank 0.  Ensure that bank bits are correct.
Message[302] C:\USERS\JACKEL\DOCUMENTS\MIDI-BASS-GUITAR\DSLAVE.X\DSLAVESETUP.INC 40 : Register in operand not in bank 0.  Ensure that bank bits are correct.
Message[302] C:\USERS\JACKEL\DOCUMENTS\MIDI-BASS-GUITAR\DSLAVE.X\DSLAVESETUP.INC 44 : Register in operand not in bank 0.  Ensure that bank bits are correct.
Message[302] C:\USERS\JACKEL\DOCUMENTS\MIDI-BASS-GUITAR\DSLAVE.X\DSLAVESETUP.INC 48 : Register in operand not in bank 0.  Ensure that bank bits are correct.
Message[302] C:\USERS\JACKEL\DOCUMENTS\MIDI-BASS-GUITAR\DSLAVE.X\DSLAVESETUP.INC 50 : Register in operand not in bank 0.  Ensure that bank bits are correct.
Message[302] C:\USERS\JACKEL\DOCUMENTS\MIDI-BASS-GUITAR\DSLAVE.X\DSLAVESETUP.INC 53 : Register in operand not in bank 0.  Ensure that bank bits are correct.
Message[302] C:\USERS\JACKEL\DOCUMENTS\MIDI-BASS-GUITAR\DSLAVE.X\DSLAVESETUP.INC 71 : Register in operand not in bank 0.  Ensure that bank bits are correct.
Message[302] C:\USERS\JACKEL\DOCUMENTS\MIDI-BASS-GUITAR\DSLAVE.X\DSLAVESETUP.INC 72 : Register in operand not in bank 0.  Ensure that bank bits are correct.
Message[302] C:\USERS\JACKEL\DOCUMENTS\MIDI-BASS-GUITAR\DSLAVE.X\DSLAVESETUP.INC 73 : Register in operand not in bank 0.  Ensure that bank bits are correct.
Message[302] C:\USERS\JACKEL\DOCUMENTS\MIDI-BASS-GUITAR\DSLAVE.X\DSLAVESETUP.INC 78 : Register in operand not in bank 0.  Ensure that bank bits are correct.
Message[302] C:\USERS\JACKEL\DOCUMENTS\MIDI-BASS-GUITAR\DSLAVE.X\DSLAVESETUP.INC 81 : Register in operand not in bank 0.  Ensure that bank bits are correct.
Message[302] C:\USERS\JACKEL\DOCUMENTS\MIDI-BASS-GUITAR\DSLAVE.X\DSLAVESETUP.INC 88 : Register in operand not in bank 0.  Ensure that bank bits are correct.
Message[302] C:\USERS\JACKEL\DOCUMENTS\MIDI-BASS-GUITAR\DSLAVE.X\DSLAVESETUP.INC 91 : Register in operand not in bank 0.  Ensure that bank bits are correct.
Message[302] C:\USERS\JACKEL\DOCUMENTS\MIDI-BASS-GUITAR\DSLAVE.X\DSLAVESETUP.INC 94 : Register in operand not in bank 0.  Ensure that bank bits are correct.
Message[302] C:\USERS\JACKEL\DOCUMENTS\MIDI-BASS-GUITAR\DSLAVE.X\DSLAVESETUP.INC 96 : Register in operand not in bank 0.  Ensure that bank bits are correct.
Message[302] C:\USERS\JACKEL\DOCUMENTS\MIDI-BASS-GUITAR\DSLAVE.X\DSLAVESETUP.INC 98 : Register in operand not in bank 0.  Ensure that bank bits are correct.
Message[302] C:\USERS\JACKEL\DOCUMENTS\MIDI-BASS-GUITAR\DSLAVE.X\DSLAVESETUP.INC 107 : Register in operand not in bank 0.  Ensure that bank bits are correct.
Message[302] C:\USERS\JACKEL\DOCUMENTS\MIDI-BASS-GUITAR\DSLAVE.X\DSLAVESETUP.INC 110 : Register in operand not in bank 0.  Ensure that bank bits are correct.
Warning[207] C:\USERS\JACKEL\DOCUMENTS\MIDI-BASS-GUITAR\DSLAVE.X\DSLAVE.ASM 43 : Found label after column 1. (ANSELECT)
Warning[207] C:\USERS\JACKEL\DOCUMENTS\MIDI-BASS-GUITAR\DSLAVE.X\DSLAVE.ASM 44 : Found label after column 1. (TEMP)
Message[302] C:\USERS\JACKEL\DOCUMENTS\MIDI-BASS-GUITAR\DSLAVE.X\DSLAVE.ASM 57 : Register in operand not in bank 0.  Ensure that bank bits are correct.
Message[302] C:\USERS\JACKEL\DOCUMENTS\MIDI-BASS-GUITAR\DSLAVE.X\DSLAVE.ASM 59 : Register in operand not in bank 0.  Ensure that bank bits are correct.
Message[302] C:\USERS\JACKEL\DOCUMENTS\MIDI-BASS-GUITAR\DSLAVE.X\DSLAVE.ASM 64 : Register in operand not in bank 0.  Ensure that bank bits are correct.
Message[302] C:\USERS\JACKEL\DOCUMENTS\MIDI-BASS-GUITAR\DSLAVE.X\DSLAVE.ASM 67 : Register in operand not in bank 0.  Ensure that bank bits are correct.
Message[302] C:\USERS\JACKEL\DOCUMENTS\MIDI-BASS-GUITAR\DSLAVE.X\DSLAVE.ASM 69 : Register in operand not in bank 0.  Ensure that bank bits are correct.
Message[302] C:\USERS\JACKEL\DOCUMENTS\MIDI-BASS-GUITAR\DSLAVE.X\DSLAVE.ASM 71 : Register in operand not in bank 0.  Ensure that bank bits are correct.
Message[302] C:\USERS\JACKEL\DOCUMENTS\MIDI-BASS-GUITAR\DSLAVE.X\DSLAVE.ASM 72 : Register in operand not in bank 0.  Ensure that bank bits are correct.
Message[302] C:\USERS\JACKEL\DOCUMENTS\MIDI-BASS-GUITAR\DSLAVE.X\DSLAVE.ASM 73 : Register in operand not in bank 0.  Ensure that bank bits are correct.
Message[302] C:\USERS\JACKEL\DOCUMENTS\MIDI-BASS-GUITAR\DSLAVE.X\DSLAVE.ASM 75 : Register in operand not in bank 0.  Ensure that bank bits are correct.
Message[302] C:\USERS\JACKEL\DOCUMENTS\MIDI-BASS-GUITAR\DSLAVE.X\DSLAVE.ASM 77 : Register in operand not in bank 0.  Ensure that bank bits are correct.
Message[302] C:\USERS\JACKEL\DOCUMENTS\MIDI-BASS-GUITAR\DSLAVE.X\DSLAVE.ASM 79 : Register in operand not in bank 0.  Ensure that bank bits are correct.
Message[302] C:\USERS\JACKEL\DOCUMENTS\MIDI-BASS-GUITAR\DSLAVE.X\DSLAVE.ASM 87 : Register in operand not in bank 0.  Ensure that bank bits are correct.
Message[302] C:\USERS\JACKEL\DOCUMENTS\MIDI-BASS-GUITAR\DSLAVE.X\DSLAVE.ASM 93 : Register in operand not in bank 0.  Ensure that bank bits are correct.
Message[302] C:\USERS\JACKEL\DOCUMENTS\MIDI-BASS-GUITAR\DSLAVE.X\DSLAVE.ASM 96 : Register in operand not in bank 0.  Ensure that bank bits are correct.
Message[302] C:\USERS\JACKEL\DOCUMENTS\MIDI-BASS-GUITAR\DSLAVE.X\DSLAVE.ASM 118 : Register in operand not in bank 0.  Ensure that bank bits are correct.
Message[302] C:\USERS\JACKEL\DOCUMENTS\MIDI-BASS-GUITAR\DSLAVE.X\DSLAVE.ASM 124 : Register in operand not in bank 0.  Ensure that bank bits are correct.
Warning[205] C:\USERS\JACKEL\DOCUMENTS\MIDI-BASS-GUITAR\DSLAVE.X\DSLAVE.ASM 129 : Found directive in column 1. (END)
