Message[302] C:\USERS\JACKEL\DOCUMENTS\MIDI-BASS-GUITAR\ESLAVE.X\ESLAVESETUP.INC 32 : Register in operand not in bank 0.  Ensure that bank bits are correct.
Message[302] C:\USERS\JACKEL\DOCUMENTS\MIDI-BASS-GUITAR\ESLAVE.X\ESLAVESETUP.INC 40 : Register in operand not in bank 0.  Ensure that bank bits are correct.
Message[302] C:\USERS\JACKEL\DOCUMENTS\MIDI-BASS-GUITAR\ESLAVE.X\ESLAVESETUP.INC 44 : Register in operand not in bank 0.  Ensure that bank bits are correct.
Message[302] C:\USERS\JACKEL\DOCUMENTS\MIDI-BASS-GUITAR\ESLAVE.X\ESLAVESETUP.INC 48 : Register in operand not in bank 0.  Ensure that bank bits are correct.
Message[302] C:\USERS\JACKEL\DOCUMENTS\MIDI-BASS-GUITAR\ESLAVE.X\ESLAVESETUP.INC 50 : Register in operand not in bank 0.  Ensure that bank bits are correct.
Message[302] C:\USERS\JACKEL\DOCUMENTS\MIDI-BASS-GUITAR\ESLAVE.X\ESLAVESETUP.INC 53 : Register in operand not in bank 0.  Ensure that bank bits are correct.
Message[302] C:\USERS\JACKEL\DOCUMENTS\MIDI-BASS-GUITAR\ESLAVE.X\ESLAVESETUP.INC 71 : Register in operand not in bank 0.  Ensure that bank bits are correct.
Message[302] C:\USERS\JACKEL\DOCUMENTS\MIDI-BASS-GUITAR\ESLAVE.X\ESLAVESETUP.INC 72 : Register in operand not in bank 0.  Ensure that bank bits are correct.
Message[302] C:\USERS\JACKEL\DOCUMENTS\MIDI-BASS-GUITAR\ESLAVE.X\ESLAVESETUP.INC 73 : Register in operand not in bank 0.  Ensure that bank bits are correct.
Message[302] C:\USERS\JACKEL\DOCUMENTS\MIDI-BASS-GUITAR\ESLAVE.X\ESLAVESETUP.INC 78 : Register in operand not in bank 0.  Ensure that bank bits are correct.
Message[302] C:\USERS\JACKEL\DOCUMENTS\MIDI-BASS-GUITAR\ESLAVE.X\ESLAVESETUP.INC 81 : Register in operand not in bank 0.  Ensure that bank bits are correct.
Message[302] C:\USERS\JACKEL\DOCUMENTS\MIDI-BASS-GUITAR\ESLAVE.X\ESLAVESETUP.INC 88 : Register in operand not in bank 0.  Ensure that bank bits are correct.
Message[302] C:\USERS\JACKEL\DOCUMENTS\MIDI-BASS-GUITAR\ESLAVE.X\ESLAVESETUP.INC 91 : Register in operand not in bank 0.  Ensure that bank bits are correct.
Message[302] C:\USERS\JACKEL\DOCUMENTS\MIDI-BASS-GUITAR\ESLAVE.X\ESLAVESETUP.INC 94 : Register in operand not in bank 0.  Ensure that bank bits are correct.
Message[302] C:\USERS\JACKEL\DOCUMENTS\MIDI-BASS-GUITAR\ESLAVE.X\ESLAVESETUP.INC 96 : Register in operand not in bank 0.  Ensure that bank bits are correct.
Message[302] C:\USERS\JACKEL\DOCUMENTS\MIDI-BASS-GUITAR\ESLAVE.X\ESLAVESETUP.INC 98 : Register in operand not in bank 0.  Ensure that bank bits are correct.
Message[302] C:\USERS\JACKEL\DOCUMENTS\MIDI-BASS-GUITAR\ESLAVE.X\ESLAVESETUP.INC 107 : Register in operand not in bank 0.  Ensure that bank bits are correct.
Message[302] C:\USERS\JACKEL\DOCUMENTS\MIDI-BASS-GUITAR\ESLAVE.X\ESLAVESETUP.INC 110 : Register in operand not in bank 0.  Ensure that bank bits are correct.
Warning[207] C:\USERS\JACKEL\DOCUMENTS\MIDI-BASS-GUITAR\ESLAVE.X\ESLAVE.ASM 42 : Found label after column 1. (ANSELECT)
Warning[207] C:\USERS\JACKEL\DOCUMENTS\MIDI-BASS-GUITAR\ESLAVE.X\ESLAVE.ASM 43 : Found label after column 1. (TEMP)
Message[302] C:\USERS\JACKEL\DOCUMENTS\MIDI-BASS-GUITAR\ESLAVE.X\ESLAVE.ASM 56 : Register in operand not in bank 0.  Ensure that bank bits are correct.
Message[302] C:\USERS\JACKEL\DOCUMENTS\MIDI-BASS-GUITAR\ESLAVE.X\ESLAVE.ASM 58 : Register in operand not in bank 0.  Ensure that bank bits are correct.
Message[302] C:\USERS\JACKEL\DOCUMENTS\MIDI-BASS-GUITAR\ESLAVE.X\ESLAVE.ASM 63 : Register in operand not in bank 0.  Ensure that bank bits are correct.
Message[302] C:\USERS\JACKEL\DOCUMENTS\MIDI-BASS-GUITAR\ESLAVE.X\ESLAVE.ASM 66 : Register in operand not in bank 0.  Ensure that bank bits are correct.
Message[302] C:\USERS\JACKEL\DOCUMENTS\MIDI-BASS-GUITAR\ESLAVE.X\ESLAVE.ASM 68 : Register in operand not in bank 0.  Ensure that bank bits are correct.
Message[302] C:\USERS\JACKEL\DOCUMENTS\MIDI-BASS-GUITAR\ESLAVE.X\ESLAVE.ASM 70 : Register in operand not in bank 0.  Ensure that bank bits are correct.
Message[302] C:\USERS\JACKEL\DOCUMENTS\MIDI-BASS-GUITAR\ESLAVE.X\ESLAVE.ASM 71 : Register in operand not in bank 0.  Ensure that bank bits are correct.
Message[302] C:\USERS\JACKEL\DOCUMENTS\MIDI-BASS-GUITAR\ESLAVE.X\ESLAVE.ASM 72 : Register in operand not in bank 0.  Ensure that bank bits are correct.
Message[302] C:\USERS\JACKEL\DOCUMENTS\MIDI-BASS-GUITAR\ESLAVE.X\ESLAVE.ASM 100 : Register in operand not in bank 0.  Ensure that bank bits are correct.
Message[302] C:\USERS\JACKEL\DOCUMENTS\MIDI-BASS-GUITAR\ESLAVE.X\ESLAVE.ASM 106 : Register in operand not in bank 0.  Ensure that bank bits are correct.
Warning[205] C:\USERS\JACKEL\DOCUMENTS\MIDI-BASS-GUITAR\ESLAVE.X\ESLAVE.ASM 111 : Found directive in column 1. (END)
