Message[302] C:\USERS\JACKEL\DOCUMENTS\MIDI-BASS-GUITAR\ASLAVE.X\ASLAVESETUP.INC 32 : Register in operand not in bank 0.  Ensure that bank bits are correct.
Message[302] C:\USERS\JACKEL\DOCUMENTS\MIDI-BASS-GUITAR\ASLAVE.X\ASLAVESETUP.INC 40 : Register in operand not in bank 0.  Ensure that bank bits are correct.
Message[302] C:\USERS\JACKEL\DOCUMENTS\MIDI-BASS-GUITAR\ASLAVE.X\ASLAVESETUP.INC 44 : Register in operand not in bank 0.  Ensure that bank bits are correct.
Message[302] C:\USERS\JACKEL\DOCUMENTS\MIDI-BASS-GUITAR\ASLAVE.X\ASLAVESETUP.INC 48 : Register in operand not in bank 0.  Ensure that bank bits are correct.
Message[302] C:\USERS\JACKEL\DOCUMENTS\MIDI-BASS-GUITAR\ASLAVE.X\ASLAVESETUP.INC 50 : Register in operand not in bank 0.  Ensure that bank bits are correct.
Message[302] C:\USERS\JACKEL\DOCUMENTS\MIDI-BASS-GUITAR\ASLAVE.X\ASLAVESETUP.INC 53 : Register in operand not in bank 0.  Ensure that bank bits are correct.
Message[302] C:\USERS\JACKEL\DOCUMENTS\MIDI-BASS-GUITAR\ASLAVE.X\ASLAVESETUP.INC 71 : Register in operand not in bank 0.  Ensure that bank bits are correct.
Message[302] C:\USERS\JACKEL\DOCUMENTS\MIDI-BASS-GUITAR\ASLAVE.X\ASLAVESETUP.INC 72 : Register in operand not in bank 0.  Ensure that bank bits are correct.
Message[302] C:\USERS\JACKEL\DOCUMENTS\MIDI-BASS-GUITAR\ASLAVE.X\ASLAVESETUP.INC 73 : Register in operand not in bank 0.  Ensure that bank bits are correct.
Message[302] C:\USERS\JACKEL\DOCUMENTS\MIDI-BASS-GUITAR\ASLAVE.X\ASLAVESETUP.INC 78 : Register in operand not in bank 0.  Ensure that bank bits are correct.
Message[302] C:\USERS\JACKEL\DOCUMENTS\MIDI-BASS-GUITAR\ASLAVE.X\ASLAVESETUP.INC 81 : Register in operand not in bank 0.  Ensure that bank bits are correct.
Message[302] C:\USERS\JACKEL\DOCUMENTS\MIDI-BASS-GUITAR\ASLAVE.X\ASLAVESETUP.INC 88 : Register in operand not in bank 0.  Ensure that bank bits are correct.
Message[302] C:\USERS\JACKEL\DOCUMENTS\MIDI-BASS-GUITAR\ASLAVE.X\ASLAVESETUP.INC 91 : Register in operand not in bank 0.  Ensure that bank bits are correct.
Message[302] C:\USERS\JACKEL\DOCUMENTS\MIDI-BASS-GUITAR\ASLAVE.X\ASLAVESETUP.INC 94 : Register in operand not in bank 0.  Ensure that bank bits are correct.
Message[302] C:\USERS\JACKEL\DOCUMENTS\MIDI-BASS-GUITAR\ASLAVE.X\ASLAVESETUP.INC 96 : Register in operand not in bank 0.  Ensure that bank bits are correct.
Message[302] C:\USERS\JACKEL\DOCUMENTS\MIDI-BASS-GUITAR\ASLAVE.X\ASLAVESETUP.INC 98 : Register in operand not in bank 0.  Ensure that bank bits are correct.
Message[302] C:\USERS\JACKEL\DOCUMENTS\MIDI-BASS-GUITAR\ASLAVE.X\ASLAVESETUP.INC 107 : Register in operand not in bank 0.  Ensure that bank bits are correct.
Message[302] C:\USERS\JACKEL\DOCUMENTS\MIDI-BASS-GUITAR\ASLAVE.X\ASLAVESETUP.INC 110 : Register in operand not in bank 0.  Ensure that bank bits are correct.
Warning[207] C:\USERS\JACKEL\DOCUMENTS\MIDI-BASS-GUITAR\ASLAVE.X\ASLAVE.ASM 43 : Found label after column 1. (ANSELECT)
Warning[207] C:\USERS\JACKEL\DOCUMENTS\MIDI-BASS-GUITAR\ASLAVE.X\ASLAVE.ASM 44 : Found label after column 1. (TEMP)
Message[302] C:\USERS\JACKEL\DOCUMENTS\MIDI-BASS-GUITAR\ASLAVE.X\ASLAVE.ASM 57 : Register in operand not in bank 0.  Ensure that bank bits are correct.
Message[302] C:\USERS\JACKEL\DOCUMENTS\MIDI-BASS-GUITAR\ASLAVE.X\ASLAVE.ASM 59 : Register in operand not in bank 0.  Ensure that bank bits are correct.
Message[302] C:\USERS\JACKEL\DOCUMENTS\MIDI-BASS-GUITAR\ASLAVE.X\ASLAVE.ASM 64 : Register in operand not in bank 0.  Ensure that bank bits are correct.
Message[302] C:\USERS\JACKEL\DOCUMENTS\MIDI-BASS-GUITAR\ASLAVE.X\ASLAVE.ASM 67 : Register in operand not in bank 0.  Ensure that bank bits are correct.
Message[302] C:\USERS\JACKEL\DOCUMENTS\MIDI-BASS-GUITAR\ASLAVE.X\ASLAVE.ASM 69 : Register in operand not in bank 0.  Ensure that bank bits are correct.
Message[302] C:\USERS\JACKEL\DOCUMENTS\MIDI-BASS-GUITAR\ASLAVE.X\ASLAVE.ASM 71 : Register in operand not in bank 0.  Ensure that bank bits are correct.
Message[302] C:\USERS\JACKEL\DOCUMENTS\MIDI-BASS-GUITAR\ASLAVE.X\ASLAVE.ASM 72 : Register in operand not in bank 0.  Ensure that bank bits are correct.
Message[302] C:\USERS\JACKEL\DOCUMENTS\MIDI-BASS-GUITAR\ASLAVE.X\ASLAVE.ASM 73 : Register in operand not in bank 0.  Ensure that bank bits are correct.
Message[302] C:\USERS\JACKEL\DOCUMENTS\MIDI-BASS-GUITAR\ASLAVE.X\ASLAVE.ASM 75 : Register in operand not in bank 0.  Ensure that bank bits are correct.
Message[302] C:\USERS\JACKEL\DOCUMENTS\MIDI-BASS-GUITAR\ASLAVE.X\ASLAVE.ASM 77 : Register in operand not in bank 0.  Ensure that bank bits are correct.
Message[302] C:\USERS\JACKEL\DOCUMENTS\MIDI-BASS-GUITAR\ASLAVE.X\ASLAVE.ASM 79 : Register in operand not in bank 0.  Ensure that bank bits are correct.
Message[302] C:\USERS\JACKEL\DOCUMENTS\MIDI-BASS-GUITAR\ASLAVE.X\ASLAVE.ASM 87 : Register in operand not in bank 0.  Ensure that bank bits are correct.
Message[302] C:\USERS\JACKEL\DOCUMENTS\MIDI-BASS-GUITAR\ASLAVE.X\ASLAVE.ASM 93 : Register in operand not in bank 0.  Ensure that bank bits are correct.
Message[302] C:\USERS\JACKEL\DOCUMENTS\MIDI-BASS-GUITAR\ASLAVE.X\ASLAVE.ASM 96 : Register in operand not in bank 0.  Ensure that bank bits are correct.
Message[302] C:\USERS\JACKEL\DOCUMENTS\MIDI-BASS-GUITAR\ASLAVE.X\ASLAVE.ASM 118 : Register in operand not in bank 0.  Ensure that bank bits are correct.
Message[302] C:\USERS\JACKEL\DOCUMENTS\MIDI-BASS-GUITAR\ASLAVE.X\ASLAVE.ASM 124 : Register in operand not in bank 0.  Ensure that bank bits are correct.
Warning[205] C:\USERS\JACKEL\DOCUMENTS\MIDI-BASS-GUITAR\ASLAVE.X\ASLAVE.ASM 129 : Found directive in column 1. (END)
