Message[302] C:\USERS\JACKEL\DOCUMENTS\MIDI-BASS-GUITAR\GSLAVE.X\GSLAVESETUP.INC 32 : Register in operand not in bank 0.  Ensure that bank bits are correct.
Message[302] C:\USERS\JACKEL\DOCUMENTS\MIDI-BASS-GUITAR\GSLAVE.X\GSLAVESETUP.INC 40 : Register in operand not in bank 0.  Ensure that bank bits are correct.
Message[302] C:\USERS\JACKEL\DOCUMENTS\MIDI-BASS-GUITAR\GSLAVE.X\GSLAVESETUP.INC 44 : Register in operand not in bank 0.  Ensure that bank bits are correct.
Message[302] C:\USERS\JACKEL\DOCUMENTS\MIDI-BASS-GUITAR\GSLAVE.X\GSLAVESETUP.INC 48 : Register in operand not in bank 0.  Ensure that bank bits are correct.
Message[302] C:\USERS\JACKEL\DOCUMENTS\MIDI-BASS-GUITAR\GSLAVE.X\GSLAVESETUP.INC 50 : Register in operand not in bank 0.  Ensure that bank bits are correct.
Message[302] C:\USERS\JACKEL\DOCUMENTS\MIDI-BASS-GUITAR\GSLAVE.X\GSLAVESETUP.INC 53 : Register in operand not in bank 0.  Ensure that bank bits are correct.
Message[302] C:\USERS\JACKEL\DOCUMENTS\MIDI-BASS-GUITAR\GSLAVE.X\GSLAVESETUP.INC 71 : Register in operand not in bank 0.  Ensure that bank bits are correct.
Message[302] C:\USERS\JACKEL\DOCUMENTS\MIDI-BASS-GUITAR\GSLAVE.X\GSLAVESETUP.INC 72 : Register in operand not in bank 0.  Ensure that bank bits are correct.
Message[302] C:\USERS\JACKEL\DOCUMENTS\MIDI-BASS-GUITAR\GSLAVE.X\GSLAVESETUP.INC 73 : Register in operand not in bank 0.  Ensure that bank bits are correct.
Message[302] C:\USERS\JACKEL\DOCUMENTS\MIDI-BASS-GUITAR\GSLAVE.X\GSLAVESETUP.INC 78 : Register in operand not in bank 0.  Ensure that bank bits are correct.
Message[302] C:\USERS\JACKEL\DOCUMENTS\MIDI-BASS-GUITAR\GSLAVE.X\GSLAVESETUP.INC 81 : Register in operand not in bank 0.  Ensure that bank bits are correct.
Message[302] C:\USERS\JACKEL\DOCUMENTS\MIDI-BASS-GUITAR\GSLAVE.X\GSLAVESETUP.INC 88 : Register in operand not in bank 0.  Ensure that bank bits are correct.
Message[302] C:\USERS\JACKEL\DOCUMENTS\MIDI-BASS-GUITAR\GSLAVE.X\GSLAVESETUP.INC 91 : Register in operand not in bank 0.  Ensure that bank bits are correct.
Message[302] C:\USERS\JACKEL\DOCUMENTS\MIDI-BASS-GUITAR\GSLAVE.X\GSLAVESETUP.INC 94 : Register in operand not in bank 0.  Ensure that bank bits are correct.
Message[302] C:\USERS\JACKEL\DOCUMENTS\MIDI-BASS-GUITAR\GSLAVE.X\GSLAVESETUP.INC 96 : Register in operand not in bank 0.  Ensure that bank bits are correct.
Message[302] C:\USERS\JACKEL\DOCUMENTS\MIDI-BASS-GUITAR\GSLAVE.X\GSLAVESETUP.INC 98 : Register in operand not in bank 0.  Ensure that bank bits are correct.
Message[302] C:\USERS\JACKEL\DOCUMENTS\MIDI-BASS-GUITAR\GSLAVE.X\GSLAVESETUP.INC 107 : Register in operand not in bank 0.  Ensure that bank bits are correct.
Message[302] C:\USERS\JACKEL\DOCUMENTS\MIDI-BASS-GUITAR\GSLAVE.X\GSLAVESETUP.INC 110 : Register in operand not in bank 0.  Ensure that bank bits are correct.
Warning[207] C:\USERS\JACKEL\DOCUMENTS\MIDI-BASS-GUITAR\GSLAVE.X\GSLAVE.ASM 43 : Found label after column 1. (ANSELECT)
Warning[207] C:\USERS\JACKEL\DOCUMENTS\MIDI-BASS-GUITAR\GSLAVE.X\GSLAVE.ASM 44 : Found label after column 1. (TEMP)
Message[302] C:\USERS\JACKEL\DOCUMENTS\MIDI-BASS-GUITAR\GSLAVE.X\GSLAVE.ASM 57 : Register in operand not in bank 0.  Ensure that bank bits are correct.
Message[302] C:\USERS\JACKEL\DOCUMENTS\MIDI-BASS-GUITAR\GSLAVE.X\GSLAVE.ASM 59 : Register in operand not in bank 0.  Ensure that bank bits are correct.
Message[302] C:\USERS\JACKEL\DOCUMENTS\MIDI-BASS-GUITAR\GSLAVE.X\GSLAVE.ASM 64 : Register in operand not in bank 0.  Ensure that bank bits are correct.
Message[302] C:\USERS\JACKEL\DOCUMENTS\MIDI-BASS-GUITAR\GSLAVE.X\GSLAVE.ASM 67 : Register in operand not in bank 0.  Ensure that bank bits are correct.
Message[302] C:\USERS\JACKEL\DOCUMENTS\MIDI-BASS-GUITAR\GSLAVE.X\GSLAVE.ASM 69 : Register in operand not in bank 0.  Ensure that bank bits are correct.
Message[302] C:\USERS\JACKEL\DOCUMENTS\MIDI-BASS-GUITAR\GSLAVE.X\GSLAVE.ASM 71 : Register in operand not in bank 0.  Ensure that bank bits are correct.
Message[302] C:\USERS\JACKEL\DOCUMENTS\MIDI-BASS-GUITAR\GSLAVE.X\GSLAVE.ASM 72 : Register in operand not in bank 0.  Ensure that bank bits are correct.
Message[302] C:\USERS\JACKEL\DOCUMENTS\MIDI-BASS-GUITAR\GSLAVE.X\GSLAVE.ASM 73 : Register in operand not in bank 0.  Ensure that bank bits are correct.
Message[302] C:\USERS\JACKEL\DOCUMENTS\MIDI-BASS-GUITAR\GSLAVE.X\GSLAVE.ASM 75 : Register in operand not in bank 0.  Ensure that bank bits are correct.
Message[302] C:\USERS\JACKEL\DOCUMENTS\MIDI-BASS-GUITAR\GSLAVE.X\GSLAVE.ASM 77 : Register in operand not in bank 0.  Ensure that bank bits are correct.
Message[302] C:\USERS\JACKEL\DOCUMENTS\MIDI-BASS-GUITAR\GSLAVE.X\GSLAVE.ASM 79 : Register in operand not in bank 0.  Ensure that bank bits are correct.
Message[302] C:\USERS\JACKEL\DOCUMENTS\MIDI-BASS-GUITAR\GSLAVE.X\GSLAVE.ASM 87 : Register in operand not in bank 0.  Ensure that bank bits are correct.
Message[302] C:\USERS\JACKEL\DOCUMENTS\MIDI-BASS-GUITAR\GSLAVE.X\GSLAVE.ASM 93 : Register in operand not in bank 0.  Ensure that bank bits are correct.
Message[302] C:\USERS\JACKEL\DOCUMENTS\MIDI-BASS-GUITAR\GSLAVE.X\GSLAVE.ASM 96 : Register in operand not in bank 0.  Ensure that bank bits are correct.
Message[302] C:\USERS\JACKEL\DOCUMENTS\MIDI-BASS-GUITAR\GSLAVE.X\GSLAVE.ASM 118 : Register in operand not in bank 0.  Ensure that bank bits are correct.
Message[302] C:\USERS\JACKEL\DOCUMENTS\MIDI-BASS-GUITAR\GSLAVE.X\GSLAVE.ASM 124 : Register in operand not in bank 0.  Ensure that bank bits are correct.
Warning[205] C:\USERS\JACKEL\DOCUMENTS\MIDI-BASS-GUITAR\GSLAVE.X\GSLAVE.ASM 129 : Found directive in column 1. (END)
