Message[302] C:\USERS\JACKEL\DOCUMENTS\MIDI-BASS-GUITAR\MIDIMASTER.X\MIDIMASTERSETUP.INC 32 : Register in operand not in bank 0.  Ensure that bank bits are correct.
Message[302] C:\USERS\JACKEL\DOCUMENTS\MIDI-BASS-GUITAR\MIDIMASTER.X\MIDIMASTERSETUP.INC 40 : Register in operand not in bank 0.  Ensure that bank bits are correct.
Message[302] C:\USERS\JACKEL\DOCUMENTS\MIDI-BASS-GUITAR\MIDIMASTER.X\MIDIMASTERSETUP.INC 44 : Register in operand not in bank 0.  Ensure that bank bits are correct.
Message[302] C:\USERS\JACKEL\DOCUMENTS\MIDI-BASS-GUITAR\MIDIMASTER.X\MIDIMASTERSETUP.INC 48 : Register in operand not in bank 0.  Ensure that bank bits are correct.
Message[302] C:\USERS\JACKEL\DOCUMENTS\MIDI-BASS-GUITAR\MIDIMASTER.X\MIDIMASTERSETUP.INC 50 : Register in operand not in bank 0.  Ensure that bank bits are correct.
Message[302] C:\USERS\JACKEL\DOCUMENTS\MIDI-BASS-GUITAR\MIDIMASTER.X\MIDIMASTERSETUP.INC 53 : Register in operand not in bank 0.  Ensure that bank bits are correct.
Message[302] C:\USERS\JACKEL\DOCUMENTS\MIDI-BASS-GUITAR\MIDIMASTER.X\MIDIMASTERSETUP.INC 71 : Register in operand not in bank 0.  Ensure that bank bits are correct.
Message[302] C:\USERS\JACKEL\DOCUMENTS\MIDI-BASS-GUITAR\MIDIMASTER.X\MIDIMASTERSETUP.INC 72 : Register in operand not in bank 0.  Ensure that bank bits are correct.
Message[302] C:\USERS\JACKEL\DOCUMENTS\MIDI-BASS-GUITAR\MIDIMASTER.X\MIDIMASTERSETUP.INC 73 : Register in operand not in bank 0.  Ensure that bank bits are correct.
Message[302] C:\USERS\JACKEL\DOCUMENTS\MIDI-BASS-GUITAR\MIDIMASTER.X\MIDIMASTERSETUP.INC 78 : Register in operand not in bank 0.  Ensure that bank bits are correct.
Message[302] C:\USERS\JACKEL\DOCUMENTS\MIDI-BASS-GUITAR\MIDIMASTER.X\MIDIMASTERSETUP.INC 81 : Register in operand not in bank 0.  Ensure that bank bits are correct.
Message[302] C:\USERS\JACKEL\DOCUMENTS\MIDI-BASS-GUITAR\MIDIMASTER.X\MIDIMASTERSETUP.INC 88 : Register in operand not in bank 0.  Ensure that bank bits are correct.
Message[302] C:\USERS\JACKEL\DOCUMENTS\MIDI-BASS-GUITAR\MIDIMASTER.X\MIDIMASTERSETUP.INC 91 : Register in operand not in bank 0.  Ensure that bank bits are correct.
Message[302] C:\USERS\JACKEL\DOCUMENTS\MIDI-BASS-GUITAR\MIDIMASTER.X\MIDIMASTERSETUP.INC 94 : Register in operand not in bank 0.  Ensure that bank bits are correct.
Message[302] C:\USERS\JACKEL\DOCUMENTS\MIDI-BASS-GUITAR\MIDIMASTER.X\MIDIMASTERSETUP.INC 96 : Register in operand not in bank 0.  Ensure that bank bits are correct.
Message[302] C:\USERS\JACKEL\DOCUMENTS\MIDI-BASS-GUITAR\MIDIMASTER.X\MIDIMASTERSETUP.INC 98 : Register in operand not in bank 0.  Ensure that bank bits are correct.
Message[302] C:\USERS\JACKEL\DOCUMENTS\MIDI-BASS-GUITAR\MIDIMASTER.X\MIDIMASTERSETUP.INC 107 : Register in operand not in bank 0.  Ensure that bank bits are correct.
Message[302] C:\USERS\JACKEL\DOCUMENTS\MIDI-BASS-GUITAR\MIDIMASTER.X\MIDIMASTERSETUP.INC 110 : Register in operand not in bank 0.  Ensure that bank bits are correct.
Message[302] C:\USERS\JACKEL\DOCUMENTS\MIDI-BASS-GUITAR\MIDIMASTER.X\MIDIMASTEREEWRITE.INC 29 : Register in operand not in bank 0.  Ensure that bank bits are correct.
Message[302] C:\USERS\JACKEL\DOCUMENTS\MIDI-BASS-GUITAR\MIDIMASTER.X\MIDIMASTEREEWRITE.INC 30 : Register in operand not in bank 0.  Ensure that bank bits are correct.
Message[302] C:\USERS\JACKEL\DOCUMENTS\MIDI-BASS-GUITAR\MIDIMASTER.X\MIDIMASTEREEWRITE.INC 33 : Register in operand not in bank 0.  Ensure that bank bits are correct.
Message[302] C:\USERS\JACKEL\DOCUMENTS\MIDI-BASS-GUITAR\MIDIMASTER.X\MIDIMASTEREEWRITE.INC 35 : Register in operand not in bank 0.  Ensure that bank bits are correct.
Message[302] C:\USERS\JACKEL\DOCUMENTS\MIDI-BASS-GUITAR\MIDIMASTER.X\MIDIMASTEREEWRITE.INC 37 : Register in operand not in bank 0.  Ensure that bank bits are correct.
Message[302] C:\USERS\JACKEL\DOCUMENTS\MIDI-BASS-GUITAR\MIDIMASTER.X\MIDIMASTEREEWRITE.INC 38 : Register in operand not in bank 0.  Ensure that bank bits are correct.
Message[302] C:\USERS\JACKEL\DOCUMENTS\MIDI-BASS-GUITAR\MIDIMASTER.X\MIDIMASTEREEWRITE.INC 40 : Register in operand not in bank 0.  Ensure that bank bits are correct.
Message[302] C:\USERS\JACKEL\DOCUMENTS\MIDI-BASS-GUITAR\MIDIMASTER.X\MIDIMASTEREEREAD.INC 26 : Register in operand not in bank 0.  Ensure that bank bits are correct.
Message[302] C:\USERS\JACKEL\DOCUMENTS\MIDI-BASS-GUITAR\MIDIMASTER.X\MIDIMASTEREEREAD.INC 28 : Register in operand not in bank 0.  Ensure that bank bits are correct.
Message[302] C:\USERS\JACKEL\DOCUMENTS\MIDI-BASS-GUITAR\MIDIMASTER.X\MIDIMASTEREEREAD.INC 29 : Register in operand not in bank 0.  Ensure that bank bits are correct.
Message[302] C:\USERS\JACKEL\DOCUMENTS\MIDI-BASS-GUITAR\MIDIMASTER.X\MIDIMASTEREEREAD.INC 31 : Register in operand not in bank 0.  Ensure that bank bits are correct.
Warning[207] C:\USERS\JACKEL\DOCUMENTS\MIDI-BASS-GUITAR\MIDIMASTER.X\MIDIMASTERI2CWRITE.INC 22 : Found label after column 1. (ADDDRESS)
Warning[207] C:\USERS\JACKEL\DOCUMENTS\MIDI-BASS-GUITAR\MIDIMASTER.X\MIDIMASTERI2CWRITE.INC 23 : Found label after column 1. (I2CBYTE)
Warning[207] C:\USERS\JACKEL\DOCUMENTS\MIDI-BASS-GUITAR\MIDIMASTER.X\MIDIMASTERI2CWRITE.INC 24 : Found label after column 1. (I2CBYTE2)
Warning[207] C:\USERS\JACKEL\DOCUMENTS\MIDI-BASS-GUITAR\MIDIMASTER.X\MIDIMASTERI2CWRITE.INC 25 : Found label after column 1. (FLAG)
Message[302] C:\USERS\JACKEL\DOCUMENTS\MIDI-BASS-GUITAR\MIDIMASTER.X\MIDIMASTERI2CWRITE.INC 34 : Register in operand not in bank 0.  Ensure that bank bits are correct.
Message[302] C:\USERS\JACKEL\DOCUMENTS\MIDI-BASS-GUITAR\MIDIMASTER.X\MIDIMASTERI2CWRITE.INC 35 : Register in operand not in bank 0.  Ensure that bank bits are correct.
Message[302] C:\USERS\JACKEL\DOCUMENTS\MIDI-BASS-GUITAR\MIDIMASTER.X\MIDIMASTERI2CWRITE.INC 41 : Register in operand not in bank 0.  Ensure that bank bits are correct.
Message[302] C:\USERS\JACKEL\DOCUMENTS\MIDI-BASS-GUITAR\MIDIMASTER.X\MIDIMASTERI2CWRITE.INC 43 : Register in operand not in bank 0.  Ensure that bank bits are correct.
Message[302] C:\USERS\JACKEL\DOCUMENTS\MIDI-BASS-GUITAR\MIDIMASTER.X\MIDIMASTERI2CWRITE.INC 46 : Register in operand not in bank 0.  Ensure that bank bits are correct.
Message[302] C:\USERS\JACKEL\DOCUMENTS\MIDI-BASS-GUITAR\MIDIMASTER.X\MIDIMASTERI2CWRITE.INC 53 : Register in operand not in bank 0.  Ensure that bank bits are correct.
Message[302] C:\USERS\JACKEL\DOCUMENTS\MIDI-BASS-GUITAR\MIDIMASTER.X\MIDIMASTERI2CWRITE.INC 55 : Register in operand not in bank 0.  Ensure that bank bits are correct.
Message[302] C:\USERS\JACKEL\DOCUMENTS\MIDI-BASS-GUITAR\MIDIMASTER.X\MIDIMASTERI2CWRITE.INC 58 : Register in operand not in bank 0.  Ensure that bank bits are correct.
Message[302] C:\USERS\JACKEL\DOCUMENTS\MIDI-BASS-GUITAR\MIDIMASTER.X\MIDIMASTERI2CWRITE.INC 67 : Register in operand not in bank 0.  Ensure that bank bits are correct.
Message[302] C:\USERS\JACKEL\DOCUMENTS\MIDI-BASS-GUITAR\MIDIMASTER.X\MIDIMASTERI2CWRITE.INC 69 : Register in operand not in bank 0.  Ensure that bank bits are correct.
Message[302] C:\USERS\JACKEL\DOCUMENTS\MIDI-BASS-GUITAR\MIDIMASTER.X\MIDIMASTERI2CWRITE.INC 72 : Register in operand not in bank 0.  Ensure that bank bits are correct.
Message[302] C:\USERS\JACKEL\DOCUMENTS\MIDI-BASS-GUITAR\MIDIMASTER.X\MIDIMASTERI2CWRITE.INC 77 : Register in operand not in bank 0.  Ensure that bank bits are correct.
Message[302] C:\USERS\JACKEL\DOCUMENTS\MIDI-BASS-GUITAR\MIDIMASTER.X\MIDIMASTERI2CWRITE.INC 78 : Register in operand not in bank 0.  Ensure that bank bits are correct.
Message[302] C:\USERS\JACKEL\DOCUMENTS\MIDI-BASS-GUITAR\MIDIMASTER.X\MIDIMASTERI2CWRITE.INC 89 : Register in operand not in bank 0.  Ensure that bank bits are correct.
Message[302] C:\USERS\JACKEL\DOCUMENTS\MIDI-BASS-GUITAR\MIDIMASTER.X\MIDIMASTERI2CWRITE.INC 90 : Register in operand not in bank 0.  Ensure that bank bits are correct.
Message[302] C:\USERS\JACKEL\DOCUMENTS\MIDI-BASS-GUITAR\MIDIMASTER.X\MIDIMASTERI2CWRITE.INC 100 : Register in operand not in bank 0.  Ensure that bank bits are correct.
Message[302] C:\USERS\JACKEL\DOCUMENTS\MIDI-BASS-GUITAR\MIDIMASTER.X\MIDIMASTERI2CWRITE.INC 106 : Register in operand not in bank 0.  Ensure that bank bits are correct.
Warning[207] C:\USERS\JACKEL\DOCUMENTS\MIDI-BASS-GUITAR\MIDIMASTER.X\MIDIMASTER.ASM 80 : Found label after column 1. (ESLAVE)
Warning[207] C:\USERS\JACKEL\DOCUMENTS\MIDI-BASS-GUITAR\MIDIMASTER.X\MIDIMASTER.ASM 81 : Found label after column 1. (ASLAVE)
Warning[207] C:\USERS\JACKEL\DOCUMENTS\MIDI-BASS-GUITAR\MIDIMASTER.X\MIDIMASTER.ASM 82 : Found label after column 1. (DSLAVE)
Warning[207] C:\USERS\JACKEL\DOCUMENTS\MIDI-BASS-GUITAR\MIDIMASTER.X\MIDIMASTER.ASM 83 : Found label after column 1. (GSLAVE)
Warning[207] C:\USERS\JACKEL\DOCUMENTS\MIDI-BASS-GUITAR\MIDIMASTER.X\MIDIMASTER.ASM 85 : Found label after column 1. (PLUCKSLAVE)
Warning[207] C:\USERS\JACKEL\DOCUMENTS\MIDI-BASS-GUITAR\MIDIMASTER.X\MIDIMASTER.ASM 87 : Found label after column 1. (ADDRESS)
Warning[207] C:\USERS\JACKEL\DOCUMENTS\MIDI-BASS-GUITAR\MIDIMASTER.X\MIDIMASTER.ASM 88 : Found label after column 1. (I2CBYTE)
Warning[207] C:\USERS\JACKEL\DOCUMENTS\MIDI-BASS-GUITAR\MIDIMASTER.X\MIDIMASTER.ASM 89 : Found label after column 1. (I2CBYTE2)
Warning[207] C:\USERS\JACKEL\DOCUMENTS\MIDI-BASS-GUITAR\MIDIMASTER.X\MIDIMASTER.ASM 90 : Found label after column 1. (FLAG)
Warning[207] C:\USERS\JACKEL\DOCUMENTS\MIDI-BASS-GUITAR\MIDIMASTER.X\MIDIMASTER.ASM 92 : Found label after column 1. (CTLBYTE)
Warning[207] C:\USERS\JACKEL\DOCUMENTS\MIDI-BASS-GUITAR\MIDIMASTER.X\MIDIMASTER.ASM 93 : Found label after column 1. (PBYTE)
Warning[207] C:\USERS\JACKEL\DOCUMENTS\MIDI-BASS-GUITAR\MIDIMASTER.X\MIDIMASTER.ASM 94 : Found label after column 1. (VBYTE)
Warning[207] C:\USERS\JACKEL\DOCUMENTS\MIDI-BASS-GUITAR\MIDIMASTER.X\MIDIMASTER.ASM 95 : Found label after column 1. (BUFFER)
Warning[207] C:\USERS\JACKEL\DOCUMENTS\MIDI-BASS-GUITAR\MIDIMASTER.X\MIDIMASTER.ASM 96 : Found label after column 1. (TEMP)
Warning[207] C:\USERS\JACKEL\DOCUMENTS\MIDI-BASS-GUITAR\MIDIMASTER.X\MIDIMASTER.ASM 97 : Found label after column 1. (MIDIADD)
Message[302] C:\USERS\JACKEL\DOCUMENTS\MIDI-BASS-GUITAR\MIDIMASTER.X\MIDIMASTER.ASM 111 : Register in operand not in bank 0.  Ensure that bank bits are correct.
Message[302] C:\USERS\JACKEL\DOCUMENTS\MIDI-BASS-GUITAR\MIDIMASTER.X\MIDIMASTER.ASM 114 : Register in operand not in bank 0.  Ensure that bank bits are correct.
Message[302] C:\USERS\JACKEL\DOCUMENTS\MIDI-BASS-GUITAR\MIDIMASTER.X\MIDIMASTER.ASM 116 : Register in operand not in bank 0.  Ensure that bank bits are correct.
Message[302] C:\USERS\JACKEL\DOCUMENTS\MIDI-BASS-GUITAR\MIDIMASTER.X\MIDIMASTER.ASM 117 : Register in operand not in bank 0.  Ensure that bank bits are correct.
Message[302] C:\USERS\JACKEL\DOCUMENTS\MIDI-BASS-GUITAR\MIDIMASTER.X\MIDIMASTER.ASM 119 : Register in operand not in bank 0.  Ensure that bank bits are correct.
Message[302] C:\USERS\JACKEL\DOCUMENTS\MIDI-BASS-GUITAR\MIDIMASTER.X\MIDIMASTER.ASM 124 : Register in operand not in bank 0.  Ensure that bank bits are correct.
Message[302] C:\USERS\JACKEL\DOCUMENTS\MIDI-BASS-GUITAR\MIDIMASTER.X\MIDIMASTER.ASM 126 : Register in operand not in bank 0.  Ensure that bank bits are correct.
Message[302] C:\USERS\JACKEL\DOCUMENTS\MIDI-BASS-GUITAR\MIDIMASTER.X\MIDIMASTER.ASM 128 : Register in operand not in bank 0.  Ensure that bank bits are correct.
Message[302] C:\USERS\JACKEL\DOCUMENTS\MIDI-BASS-GUITAR\MIDIMASTER.X\MIDIMASTER.ASM 130 : Register in operand not in bank 0.  Ensure that bank bits are correct.
Message[302] C:\USERS\JACKEL\DOCUMENTS\MIDI-BASS-GUITAR\MIDIMASTER.X\MIDIMASTER.ASM 132 : Register in operand not in bank 0.  Ensure that bank bits are correct.
Message[302] C:\USERS\JACKEL\DOCUMENTS\MIDI-BASS-GUITAR\MIDIMASTER.X\MIDIMASTER.ASM 134 : Register in operand not in bank 0.  Ensure that bank bits are correct.
Message[302] C:\USERS\JACKEL\DOCUMENTS\MIDI-BASS-GUITAR\MIDIMASTER.X\MIDIMASTER.ASM 136 : Register in operand not in bank 0.  Ensure that bank bits are correct.
Message[302] C:\USERS\JACKEL\DOCUMENTS\MIDI-BASS-GUITAR\MIDIMASTER.X\MIDIMASTER.ASM 138 : Register in operand not in bank 0.  Ensure that bank bits are correct.
Message[302] C:\USERS\JACKEL\DOCUMENTS\MIDI-BASS-GUITAR\MIDIMASTER.X\MIDIMASTER.ASM 140 : Register in operand not in bank 0.  Ensure that bank bits are correct.
Message[302] C:\USERS\JACKEL\DOCUMENTS\MIDI-BASS-GUITAR\MIDIMASTER.X\MIDIMASTER.ASM 143 : Register in operand not in bank 0.  Ensure that bank bits are correct.
Message[302] C:\USERS\JACKEL\DOCUMENTS\MIDI-BASS-GUITAR\MIDIMASTER.X\MIDIMASTER.ASM 145 : Register in operand not in bank 0.  Ensure that bank bits are correct.
Message[302] C:\USERS\JACKEL\DOCUMENTS\MIDI-BASS-GUITAR\MIDIMASTER.X\MIDIMASTER.ASM 149 : Register in operand not in bank 0.  Ensure that bank bits are correct.
Message[302] C:\USERS\JACKEL\DOCUMENTS\MIDI-BASS-GUITAR\MIDIMASTER.X\MIDIMASTER.ASM 152 : Register in operand not in bank 0.  Ensure that bank bits are correct.
Message[302] C:\USERS\JACKEL\DOCUMENTS\MIDI-BASS-GUITAR\MIDIMASTER.X\MIDIMASTER.ASM 154 : Register in operand not in bank 0.  Ensure that bank bits are correct.
Message[302] C:\USERS\JACKEL\DOCUMENTS\MIDI-BASS-GUITAR\MIDIMASTER.X\MIDIMASTER.ASM 156 : Register in operand not in bank 0.  Ensure that bank bits are correct.
Message[302] C:\USERS\JACKEL\DOCUMENTS\MIDI-BASS-GUITAR\MIDIMASTER.X\MIDIMASTER.ASM 228 : Register in operand not in bank 0.  Ensure that bank bits are correct.
Warning[205] C:\USERS\JACKEL\DOCUMENTS\MIDI-BASS-GUITAR\MIDIMASTER.X\MIDIMASTER.ASM 265 : Found directive in column 1. (END)
